src/components/application/ApplicationCard.vue(55,27): error TS2769: No overload matches this call.
src/components/application/ApplicationCard.vue(62,27): error TS2769: No overload matches this call.
src/components/application/ApplicationCard.vue(73,27): error TS2769: No overload matches this call.
src/components/application/ApplicationDetailModal.vue(181,5): error TS2304: Cannot find name '$emit'.
src/components/application/ApplicationDetailModal.vue(182,5): error TS2304: Cannot find name '$emit'.
src/components/application/ApplicationModal.vue(23,31): error TS2345: Argument of type 'string | undefined' is not assignable to parameter of type 'string'.
src/components/application/ApplicationModal.vue(230,5): error TS2304: Cannot find name '$emit'.
src/lib/applicationApi.ts(100,9): error TS2322: Type 'null' is not assignable to type 'string | undefined'.
src/lib/applicationApi.ts(121,11): error TS2322: Type 'null' is not assignable to type '{ created_at: string; id: string; message: string; portfolio_url: string | null; post_id: string; responded_at: string | null; response_message: string | null; status: "pending" | "accepted" | "rejected" | "withdrawn"; updated_at: string; user_id: string; }[]'.
src/lib/applicationApi.ts(131,11): error TS2322: Type 'null' is not assignable to type '{ created_at: string; id: string; message: string; portfolio_url: string | null; post_id: string; responded_at: string | null; response_message: string | null; status: "pending" | "accepted" | "rejected" | "withdrawn"; updated_at: string; user_id: string; }[]'.
src/lib/applicationApi.ts(146,9): error TS2322: Type 'null' is not assignable to type 'string | undefined'.
src/lib/applicationApi.ts(153,9): error TS2322: Type 'null' is not assignable to type '{ created_at: string; id: string; message: string; portfolio_url: string | null; post_id: string; responded_at: string | null; response_message: string | null; status: "pending" | "accepted" | "rejected" | "withdrawn"; updated_at: string; user_id: string; }[]'.
src/lib/applicationApi.ts(169,11): error TS2322: Type 'null' is not assignable to type '{ created_at: string; id: string; message: string; portfolio_url: string | null; post_id: string; responded_at: string | null; response_message: string | null; status: "pending" | "accepted" | "rejected" | "withdrawn"; updated_at: string; user_id: string; }[]'.
src/lib/applicationApi.ts(183,11): error TS2322: Type 'null' is not assignable to type '{ created_at: string; id: string; message: string; portfolio_url: string | null; post_id: string; responded_at: string | null; response_message: string | null; status: "pending" | "accepted" | "rejected" | "withdrawn"; updated_at: string; user_id: string; }[]'.
src/lib/applicationApi.ts(199,9): error TS2322: Type 'null' is not assignable to type 'string | undefined'.
src/lib/applicationApi.ts(206,9): error TS2322: Type 'null' is not assignable to type '{ created_at: string; id: string; message: string; portfolio_url: string | null; post_id: string; responded_at: string | null; response_message: string | null; status: "pending" | "accepted" | "rejected" | "withdrawn"; updated_at: string; user_id: string; }[]'.
src/lib/applicationApi.ts(251,9): error TS2322: Type 'null' is not assignable to type 'string | undefined'.
src/lib/applicationApi.ts(292,9): error TS2322: Type 'null' is not assignable to type 'string | undefined'.
src/lib/notificationApi.ts(170,71): error TS2345: Argument of type '{ readonly avatar_url: string | null; readonly bio: string | null; readonly created_at: string; readonly discord_username: string | null; readonly display_name: string; readonly id: string; ... 6 more ...; readonly website_url: string | null; } | null' is not assignable to parameter of type '{ avatar_url: string | null; bio: string | null; created_at: string; discord_username: string | null; display_name: string; id: string; is_verified: boolean; role: "user" | "moderator" | "admin"; ... 4 more ...; website_url: string | null; } | undefined'.
src/lib/notificationApi.ts(241,72): error TS2345: Argument of type '{ readonly avatar_url: string | null; readonly bio: string | null; readonly created_at: string; readonly discord_username: string | null; readonly display_name: string; readonly id: string; ... 6 more ...; readonly website_url: string | null; } | null' is not assignable to parameter of type '{ avatar_url: string | null; bio: string | null; created_at: string; discord_username: string | null; display_name: string; id: string; is_verified: boolean; role: "user" | "moderator" | "admin"; ... 4 more ...; website_url: string | null; } | undefined'.
src/lib/notificationApi.ts(278,83): error TS2345: Argument of type '{ readonly avatar_url: string | null; readonly bio: string | null; readonly created_at: string; readonly discord_username: string | null; readonly display_name: string; readonly id: string; ... 6 more ...; readonly website_url: string | null; } | null' is not assignable to parameter of type '{ avatar_url: string | null; bio: string | null; created_at: string; discord_username: string | null; display_name: string; id: string; is_verified: boolean; role: "user" | "moderator" | "admin"; ... 4 more ...; website_url: string | null; } | undefined'.
src/lib/notificationApi.ts(329,81): error TS2345: Argument of type '{ readonly avatar_url: string | null; readonly bio: string | null; readonly created_at: string; readonly discord_username: string | null; readonly display_name: string; readonly id: string; ... 6 more ...; readonly website_url: string | null; } | null' is not assignable to parameter of type '{ avatar_url: string | null; bio: string | null; created_at: string; discord_username: string | null; display_name: string; id: string; is_verified: boolean; role: "user" | "moderator" | "admin"; ... 4 more ...; website_url: string | null; } | undefined'.
src/lib/notifications.ts(91,9): error TS2353: Object literal may only specify known properties, and 'related_id' does not exist in type '{ created_at?: string | undefined; data?: Json | undefined; id?: string | undefined; is_read?: boolean | undefined; message?: string | null | undefined; title: string; type: string; user_id: string; }'.
src/lib/postsApi.ts(32,9): error TS2322: Type 'string' is not assignable to type '"draft" | "published" | "closed" | "archived" | undefined'.
src/lib/postsApi.ts(42,13): error TS2322: Type '{ id: string; title: string; description: string; category: any; type: any; status: any; deadline: string | null; maxParticipants: number; minParticipants: number; contactMethod: any; contactValue: string; ... 9 more ...; applicationsCount: number; }[]' is not assignable to type 'Post[]'.
src/lib/postsApi.ts(96,9): error TS2322: Type 'string | null' is not assignable to type 'string | undefined'.
src/lib/postsApi.ts(108,9): error TS2322: Type 'string | undefined' is not assignable to type 'string'.
src/lib/searchApi.ts(87,11): error TS18048: 'post.maxParticipants' is possibly 'undefined'.
src/lib/searchApi.ts(93,11): error TS18048: 'post.maxParticipants' is possibly 'undefined'.
src/tests/api.test.ts(16,3): error TS2353: Object literal may only specify known properties, and 'email' does not exist in type '{ avatar_url: string | null; bio: string | null; created_at: string; discord_username: string | null; display_name: string; id: string; is_verified: boolean; role: "user" | "moderator" | "admin"; ... 4 more ...; website_url: string | null; }'.
src/tests/api.test.ts(43,3): error TS2353: Object literal may only specify known properties, and 'color' does not exist in type '{ created_at: string; description: string | null; display_order: number | null; id: string; name: string; slug: string; }'.
src/tests/api.test.ts(54,3): error TS2353: Object literal may only specify known properties, and 'description' does not exist in type '{ created_at: string; id: string; name: string; slug: string; }'.
src/tests/application.test.ts(129,33): error TS2339: Property 'portfolioUrl' does not exist on type '{ id: string; postId: string; applicantId: string; message: string; status: ApplicationStatus; createdAt: string; updatedAt: string; }'.
src/tests/application.test.ts(130,33): error TS2339: Property 'experienceYears' does not exist on type '{ id: string; postId: string; applicantId: string; message: string; status: ApplicationStatus; createdAt: string; updatedAt: string; }'.
src/tests/application.test.ts(131,33): error TS2339: Property 'availability' does not exist on type '{ id: string; postId: string; applicantId: string; message: string; status: ApplicationStatus; createdAt: string; updatedAt: string; }'.
src/utils/analytics.ts(247,57): error TS2339: Property 'renderTime' does not exist on type 'PerformanceEntry'.
src/utils/analytics.ts(247,81): error TS2339: Property 'loadTime' does not exist on type 'PerformanceEntry'.
src/utils/analytics.ts(255,57): error TS2339: Property 'processingStart' does not exist on type 'PerformanceEntry'.
src/utils/analytics.ts(264,22): error TS2339: Property 'hadRecentInput' does not exist on type 'PerformanceEntry'.
src/utils/analytics.ts(265,31): error TS2339: Property 'value' does not exist on type 'PerformanceEntry'.
src/utils/apiClient.ts(58,22): error TS2339: Property 'Authorization' does not exist on type 'HeadersInit'.
src/utils/fileUpload.ts(356,21): error TS2304: Cannot find name 'ref'.
src/utils/fileUpload.ts(357,20): error TS2304: Cannot find name 'ref'.
src/utils/fileUpload.ts(358,17): error TS2304: Cannot find name 'ref'.
src/utils/fileUpload.ts(392,16): error TS2304: Cannot find name 'readonly'.
src/utils/fileUpload.ts(393,15): error TS2304: Cannot find name 'readonly'.
src/utils/fileUpload.ts(394,12): error TS2304: Cannot find name 'readonly'.
src/utils/fileUpload.ts(402,22): error TS2304: Cannot find name 'ref'.
src/utils/fileUpload.ts(431,17): error TS2304: Cannot find name 'readonly'.
src/views/ApplicationsView.vue(77,27): error TS2322: Type '"large"' is not assignable to type '"sm" | "md" | "lg" | undefined'.
src/views/ApplicationsView.vue(96,14): error TS2322: Type '{ id: string; postId: string; postTitle: string; applicantId: string; applicantName: string; applicantAvatar: string; status: string; message: string; appliedAt: string; respondedAt: null; } | { ...; }' is not assignable to type 'Application'.
src/views/ApplicationsView.vue(140,27): error TS2322: Type '"large"' is not assignable to type '"sm" | "md" | "lg" | undefined'.
src/views/ApplicationsView.vue(159,14): error TS2322: Type '{ id: string; postId: string; postTitle: string; postAuthor: string; status: string; message: string; appliedAt: string; respondedAt: null; } | { id: string; postId: string; postTitle: string; postAuthor: string; status: string; message: string; appliedAt: string; respondedAt: string; }' is not assignable to type 'Application'.
src/views/ApplicationsView.vue(194,9): error TS2339: Property 'showToast' does not exist on type '{ toasts: Readonly<Ref<readonly { readonly id: string; readonly type: "error" | "success" | "warning" | "info"; readonly title?: string | undefined; readonly message: string; readonly duration?: number | undefined; readonly closable?: boolean | undefined; }[], readonly { ...; }[]>>; ... 6 more ...; info: (message: s...'.
src/views/ComponentDemoView.vue(33,13): error TS2322: Type 'string' is not assignable to type 'number'.
src/views/PostDetailView.vue(264,9): error TS2339: Property 'showToast' does not exist on type '{ toasts: Readonly<Ref<readonly { readonly id: string; readonly type: "error" | "success" | "warning" | "info"; readonly title?: string | undefined; readonly message: string; readonly duration?: number | undefined; readonly closable?: boolean | undefined; }[], readonly { ...; }[]>>; ... 6 more ...; info: (message: s...'.
src/views/PostDetailView.vue(362,7): error TS2304: Cannot find name 'toast'.
src/views/PostDetailView.vue(366,5): error TS2304: Cannot find name 'toast'.
src/views/PostsView.vue(13,28): error TS2339: Property 'value' does not exist on type '{ category?: PostCategory | undefined; type?: PostType | undefined; search?: string | undefined; tags?: string[] | undefined; status?: PostStatus | undefined; sortBy?: "newest" | ... 3 more ... | undefined; }'.
src/views/ProfileView.vue(255,9): error TS2339: Property 'showToast' does not exist on type '{ toasts: Readonly<Ref<readonly { readonly id: string; readonly type: "error" | "success" | "warning" | "info"; readonly title?: string | undefined; readonly message: string; readonly duration?: number | undefined; readonly closable?: boolean | undefined; }[], readonly { ...; }[]>>; ... 6 more ...; info: (message: s...'.
